[17-Nov-2025 19:17:52 UTC] Class not found: \RomethemeKit\Rkit_Sticky_Content
[17-Nov-2025 19:17:52 UTC] Instantiated class: \RomethemeKit\RkitToolTips
[17-Nov-2025 19:17:52 UTC] Instantiated class: \RomethemeKit\RkitWrapperLink
[17-Nov-2025 19:18:08 UTC] Loaded file: blur_effects.php
[17-Nov-2025 19:18:08 UTC] Loaded file: rkit_post_duplicator.php
[17-Nov-2025 19:18:08 UTC] Loaded file: rkit_tool_tips.php
[17-Nov-2025 19:18:08 UTC] Loaded file: rkit_wrapper_link.php
[17-Nov-2025 19:18:08 UTC] Class not found: \RomethemeKit\Rkit_Custom_Cursor
[17-Nov-2025 19:18:08 UTC] Instantiated class: \RomethemeKit\RkitDuplicator
[17-Nov-2025 19:18:08 UTC] Instantiated class: \RomethemeKit\BlurEffects
[17-Nov-2025 19:18:08 UTC] Class not found: \RomethemeKit\Rkit_Sticky_Content
[17-Nov-2025 19:18:08 UTC] Instantiated class: \RomethemeKit\RkitToolTips
[17-Nov-2025 19:18:08 UTC] Instantiated class: \RomethemeKit\RkitWrapperLink
[17-Nov-2025 19:18:08 UTC] Soltour Booking V2: Plugin desativado
[17-Nov-2025 19:18:09 UTC] Loaded file: blur_effects.php
[17-Nov-2025 19:18:09 UTC] Loaded file: rkit_post_duplicator.php
[17-Nov-2025 19:18:09 UTC] Loaded file: rkit_tool_tips.php
[17-Nov-2025 19:18:09 UTC] Loaded file: rkit_wrapper_link.php
[17-Nov-2025 19:18:09 UTC] Class not found: \RomethemeKit\Rkit_Custom_Cursor
[17-Nov-2025 19:18:09 UTC] Instantiated class: \RomethemeKit\RkitDuplicator
[17-Nov-2025 19:18:09 UTC] Instantiated class: \RomethemeKit\BlurEffects
[17-Nov-2025 19:18:09 UTC] Class not found: \RomethemeKit\Rkit_Sticky_Content
[17-Nov-2025 19:18:09 UTC] Instantiated class: \RomethemeKit\RkitToolTips
[17-Nov-2025 19:18:09 UTC] Instantiated class: \RomethemeKit\RkitWrapperLink
[17-Nov-2025 19:18:13 UTC] Loaded file: blur_effects.php
[17-Nov-2025 19:18:13 UTC] Loaded file: rkit_post_duplicator.php
[17-Nov-2025 19:18:13 UTC] Loaded file: rkit_tool_tips.php
[17-Nov-2025 19:18:13 UTC] Loaded file: rkit_wrapper_link.php
[17-Nov-2025 19:18:13 UTC] Class not found: \RomethemeKit\Rkit_Custom_Cursor
[17-Nov-2025 19:18:13 UTC] Instantiated class: \RomethemeKit\RkitDuplicator
[17-Nov-2025 19:18:13 UTC] Instantiated class: \RomethemeKit\BlurEffects
[17-Nov-2025 19:18:13 UTC] Class not found: \RomethemeKit\Rkit_Sticky_Content
[17-Nov-2025 19:18:13 UTC] Instantiated class: \RomethemeKit\RkitToolTips
[17-Nov-2025 19:18:13 UTC] Instantiated class: \RomethemeKit\RkitWrapperLink
[17-Nov-2025 19:18:17 UTC] Loaded file: blur_effects.php
[17-Nov-2025 19:18:17 UTC] Loaded file: rkit_post_duplicator.php
[17-Nov-2025 19:18:17 UTC] Loaded file: rkit_tool_tips.php
[17-Nov-2025 19:18:17 UTC] Loaded file: rkit_wrapper_link.php
[17-Nov-2025 19:18:17 UTC] Class not found: \RomethemeKit\Rkit_Custom_Cursor
[17-Nov-2025 19:18:17 UTC] Instantiated class: \RomethemeKit\RkitDuplicator
[17-Nov-2025 19:18:17 UTC] Instantiated class: \RomethemeKit\BlurEffects
[17-Nov-2025 19:18:17 UTC] Class not found: \RomethemeKit\Rkit_Sticky_Content
[17-Nov-2025 19:18:17 UTC] Instantiated class: \RomethemeKit\RkitToolTips
[17-Nov-2025 19:18:17 UTC] Instantiated class: \RomethemeKit\RkitWrapperLink
[17-Nov-2025 19:18:17 UTC] Loaded file: blur_effects.php
[17-Nov-2025 19:18:17 UTC] Loaded file: rkit_post_duplicator.php
[17-Nov-2025 19:18:17 UTC] Loaded file: rkit_tool_tips.php
[17-Nov-2025 19:18:17 UTC] Loaded file: rkit_wrapper_link.php
[17-Nov-2025 19:18:17 UTC] Class not found: \RomethemeKit\Rkit_Custom_Cursor
[17-Nov-2025 19:18:17 UTC] Instantiated class: \RomethemeKit\RkitDuplicator
[17-Nov-2025 19:18:17 UTC] Instantiated class: \RomethemeKit\BlurEffects
[17-Nov-2025 19:18:17 UTC] Class not found: \RomethemeKit\Rkit_Sticky_Content
[17-Nov-2025 19:18:17 UTC] Instantiated class: \RomethemeKit\RkitToolTips
[17-Nov-2025 19:18:17 UTC] Instantiated class: \RomethemeKit\RkitWrapperLink
[17-Nov-2025 19:18:43 UTC] Loaded file: blur_effects.php
[17-Nov-2025 19:18:43 UTC] Loaded file: rkit_post_duplicator.php
[17-Nov-2025 19:18:43 UTC] Loaded file: rkit_tool_tips.php
[17-Nov-2025 19:18:43 UTC] Loaded file: rkit_wrapper_link.php
[17-Nov-2025 19:18:43 UTC] Class not found: \RomethemeKit\Rkit_Custom_Cursor
[17-Nov-2025 19:18:43 UTC] Instantiated class: \RomethemeKit\RkitDuplicator
[17-Nov-2025 19:18:43 UTC] Instantiated class: \RomethemeKit\BlurEffects
[17-Nov-2025 19:18:43 UTC] Class not found: \RomethemeKit\Rkit_Sticky_Content
[17-Nov-2025 19:18:43 UTC] Instantiated class: \RomethemeKit\RkitToolTips
[17-Nov-2025 19:18:43 UTC] Instantiated class: \RomethemeKit\RkitWrapperLink
[17-Nov-2025 19:18:43 UTC] Loaded file: blur_effects.php
[17-Nov-2025 19:18:43 UTC] Loaded file: rkit_post_duplicator.php
[17-Nov-2025 19:18:43 UTC] Loaded file: rkit_tool_tips.php
[17-Nov-2025 19:18:43 UTC] Loaded file: rkit_wrapper_link.php
[17-Nov-2025 19:18:43 UTC] Class not found: \RomethemeKit\Rkit_Custom_Cursor
[17-Nov-2025 19:18:43 UTC] Instantiated class: \RomethemeKit\RkitDuplicator
[17-Nov-2025 19:18:43 UTC] Instantiated class: \RomethemeKit\BlurEffects
[17-Nov-2025 19:18:43 UTC] Class not found: \RomethemeKit\Rkit_Sticky_Content
[17-Nov-2025 19:18:43 UTC] Instantiated class: \RomethemeKit\RkitToolTips
[17-Nov-2025 19:18:43 UTC] Instantiated class: \RomethemeKit\RkitWrapperLink
[17-Nov-2025 19:18:44 UTC] Loaded file: blur_effects.php
[17-Nov-2025 19:18:44 UTC] Loaded file: rkit_post_duplicator.php
[17-Nov-2025 19:18:44 UTC] Loaded file: rkit_tool_tips.php
[17-Nov-2025 19:18:44 UTC] Loaded file: rkit_wrapper_link.php
[17-Nov-2025 19:18:44 UTC] Class not found: \RomethemeKit\Rkit_Custom_Cursor
[17-Nov-2025 19:18:44 UTC] Instantiated class: \RomethemeKit\RkitDuplicator
[17-Nov-2025 19:18:44 UTC] Instantiated class: \RomethemeKit\BlurEffects
[17-Nov-2025 19:18:44 UTC] Class not found: \RomethemeKit\Rkit_Sticky_Content
[17-Nov-2025 19:18:44 UTC] Instantiated class: \RomethemeKit\RkitToolTips
[17-Nov-2025 19:18:44 UTC] Instantiated class: \RomethemeKit\RkitWrapperLink
[17-Nov-2025 19:18:45 UTC] Loaded file: blur_effects.php
[17-Nov-2025 19:18:45 UTC] Loaded file: rkit_post_duplicator.php
[17-Nov-2025 19:18:45 UTC] Loaded file: rkit_tool_tips.php
[17-Nov-2025 19:18:45 UTC] Loaded file: rkit_wrapper_link.php
[17-Nov-2025 19:18:45 UTC] Class not found: \RomethemeKit\Rkit_Custom_Cursor
[17-Nov-2025 19:18:45 UTC] Instantiated class: \RomethemeKit\RkitDuplicator
[17-Nov-2025 19:18:45 UTC] Instantiated class: \RomethemeKit\BlurEffects
[17-Nov-2025 19:18:45 UTC] Class not found: \RomethemeKit\Rkit_Sticky_Content
[17-Nov-2025 19:18:45 UTC] Instantiated class: \RomethemeKit\RkitToolTips
[17-Nov-2025 19:18:45 UTC] Instantiated class: \RomethemeKit\RkitWrapperLink
[17-Nov-2025 19:18:52 UTC] Loaded file: blur_effects.php
[17-Nov-2025 19:18:52 UTC] Loaded file: rkit_post_duplicator.php
[17-Nov-2025 19:18:52 UTC] Loaded file: rkit_tool_tips.php
[17-Nov-2025 19:18:52 UTC] Loaded file: rkit_wrapper_link.php
[17-Nov-2025 19:18:52 UTC] Class not found: \RomethemeKit\Rkit_Custom_Cursor
[17-Nov-2025 19:18:52 UTC] Instantiated class: \RomethemeKit\RkitDuplicator
[17-Nov-2025 19:18:52 UTC] Instantiated class: \RomethemeKit\BlurEffects
[17-Nov-2025 19:18:52 UTC] Class not found: \RomethemeKit\Rkit_Sticky_Content
[17-Nov-2025 19:18:52 UTC] Instantiated class: \RomethemeKit\RkitToolTips
[17-Nov-2025 19:18:52 UTC] Instantiated class: \RomethemeKit\RkitWrapperLink
[17-Nov-2025 19:18:54 UTC] Loaded file: blur_effects.php
[17-Nov-2025 19:18:54 UTC] Loaded file: rkit_post_duplicator.php
[17-Nov-2025 19:18:54 UTC] Loaded file: rkit_tool_tips.php
[17-Nov-2025 19:18:54 UTC] Loaded file: rkit_wrapper_link.php
[17-Nov-2025 19:18:54 UTC] Class not found: \RomethemeKit\Rkit_Custom_Cursor
[17-Nov-2025 19:18:54 UTC] Instantiated class: \RomethemeKit\RkitDuplicator
[17-Nov-2025 19:18:54 UTC] Instantiated class: \RomethemeKit\BlurEffects
[17-Nov-2025 19:18:54 UTC] Class not found: \RomethemeKit\Rkit_Sticky_Content
[17-Nov-2025 19:18:54 UTC] Instantiated class: \RomethemeKit\RkitToolTips
[17-Nov-2025 19:18:54 UTC] Instantiated class: \RomethemeKit\RkitWrapperLink
[17-Nov-2025 19:18:55 UTC] Soltour Booking V4: Plugin ativado com sucesso
[17-Nov-2025 19:18:55 UTC] Soltour Booking V4: Tabela de cotações criada: nERilmqzb_soltour_quotes
[17-Nov-2025 19:18:55 UTC] Loaded file: blur_effects.php
[17-Nov-2025 19:18:55 UTC] Loaded file: rkit_post_duplicator.php
[17-Nov-2025 19:18:55 UTC] Loaded file: rkit_tool_tips.php
[17-Nov-2025 19:18:55 UTC] Loaded file: rkit_wrapper_link.php
[17-Nov-2025 19:18:55 UTC] Class not found: \RomethemeKit\Rkit_Custom_Cursor
[17-Nov-2025 19:18:55 UTC] Instantiated class: \RomethemeKit\RkitDuplicator
[17-Nov-2025 19:18:55 UTC] Instantiated class: \RomethemeKit\BlurEffects
[17-Nov-2025 19:18:55 UTC] Class not found: \RomethemeKit\Rkit_Sticky_Content
[17-Nov-2025 19:18:55 UTC] Instantiated class: \RomethemeKit\RkitToolTips
[17-Nov-2025 19:18:55 UTC] Instantiated class: \RomethemeKit\RkitWrapperLink
[17-Nov-2025 19:18:56 UTC] [Soltour API info] Request to login/login: {"brand":"SOLTOUR","market":"XMLPT","languageCode":"PT","username":"BEAUTYT999","password":"XMLBEAUTYT999"}
[17-Nov-2025 19:18:56 UTC] [Soltour API info] Response from login/login: {"sessionToken":"eyJhbGciOiJIUzI1NiIsInR5cCI6IkpXVCJ9.eyJ1IjoiQkVBVVRZVDk5OSIsImRiaSI6IjQwMDQyNzk4IiwiYiI6IlNPTFRPVVIiLCJtIjoiWE1MUFQiLCJsbmciOiJQVCIsImNsIjoiQkVBVVRZVCIsIm9mIjoiOTk5IiwiYXBwIjpudWxsLCJtYWlsIjoiY3VuaGFAYmVhdXR5dHJhdmVsLnB0IiwicmwiOlsiQUdFTkNJQSIsIkNPTVVOIiwiQ09OU1VMVEEiLCJGQUNUVVJBQ0lPTiIsIk5FV19XRUIiXSwidG0iOjE3NjM0MDcxMzYyMzIsInN0cHRtIjpudWxsLCJzdHBqd3QiOm51bGwsInN0cGlkIjpudWxsLCJvdmMiOmZhbHNlLCJzZWxsIjp0cnVlLCJhcHQiOm51bGwsImRldCI6dHJ1ZSwibmV4cCI6dHJ1ZSwic2VpeiI6ZmFsc2UsInVhZ0
[17-Nov-2025 19:18:56 UTC] [Soltour API info] Session token obtido com sucesso
[17-Nov-2025 19:18:59 UTC] Loaded file: blur_effects.php
[17-Nov-2025 19:18:59 UTC] Loaded file: rkit_post_duplicator.php
[17-Nov-2025 19:18:59 UTC] Loaded file: rkit_tool_tips.php
[17-Nov-2025 19:18:59 UTC] Loaded file: rkit_wrapper_link.php
[17-Nov-2025 19:18:59 UTC] Class not found: \RomethemeKit\Rkit_Custom_Cursor
[17-Nov-2025 19:18:59 UTC] Instantiated class: \RomethemeKit\RkitDuplicator
[17-Nov-2025 19:18:59 UTC] Instantiated class: \RomethemeKit\BlurEffects
[17-Nov-2025 19:18:59 UTC] Class not found: \RomethemeKit\Rkit_Sticky_Content
[17-Nov-2025 19:18:59 UTC] Instantiated class: \RomethemeKit\RkitToolTips
[17-Nov-2025 19:18:59 UTC] Instantiated class: \RomethemeKit\RkitWrapperLink
[17-Nov-2025 19:19:00 UTC] Loaded file: blur_effects.php
[17-Nov-2025 19:19:00 UTC] Loaded file: rkit_post_duplicator.php
[17-Nov-2025 19:19:00 UTC] Loaded file: rkit_tool_tips.php
[17-Nov-2025 19:19:00 UTC] Loaded file: rkit_wrapper_link.php
[17-Nov-2025 19:19:00 UTC] Class not found: \RomethemeKit\Rkit_Custom_Cursor
[17-Nov-2025 19:19:00 UTC] Instantiated class: \RomethemeKit\RkitDuplicator
[17-Nov-2025 19:19:00 UTC] Instantiated class: \RomethemeKit\BlurEffects
[17-Nov-2025 19:19:00 UTC] Class not found: \RomethemeKit\Rkit_Sticky_Content
[17-Nov-2025 19:19:00 UTC] Instantiated class: \RomethemeKit\RkitToolTips
[17-Nov-2025 19:19:00 UTC] Instantiated class: \RomethemeKit\RkitWrapperLink
[17-Nov-2025 19:19:05 UTC] Loaded file: blur_effects.php
[17-Nov-2025 19:19:05 UTC] Loaded file: rkit_post_duplicator.php
[17-Nov-2025 19:19:05 UTC] Loaded file: rkit_tool_tips.php
[17-Nov-2025 19:19:05 UTC] Loaded file: rkit_wrapper_link.php
[17-Nov-2025 19:19:05 UTC] Class not found: \RomethemeKit\Rkit_Custom_Cursor
[17-Nov-2025 19:19:05 UTC] Instantiated class: \RomethemeKit\RkitDuplicator
[17-Nov-2025 19:19:05 UTC] Instantiated class: \RomethemeKit\BlurEffects
[17-Nov-2025 19:19:05 UTC] Class not found: \RomethemeKit\Rkit_Sticky_Content
[17-Nov-2025 19:19:05 UTC] Instantiated class: \RomethemeKit\RkitToolTips
[17-Nov-2025 19:19:05 UTC] Instantiated class: \RomethemeKit\RkitWrapperLink
[17-Nov-2025 19:19:06 UTC] Loaded file: blur_effects.php
[17-Nov-2025 19:19:06 UTC] Loaded file: rkit_post_duplicator.php
[17-Nov-2025 19:19:06 UTC] Loaded file: rkit_tool_tips.php
[17-Nov-2025 19:19:06 UTC] Loaded file: rkit_wrapper_link.php
[17-Nov-2025 19:19:06 UTC] Class not found: \RomethemeKit\Rkit_Custom_Cursor
[17-Nov-2025 19:19:06 UTC] Instantiated class: \RomethemeKit\RkitDuplicator
[17-Nov-2025 19:19:06 UTC] Instantiated class: \RomethemeKit\BlurEffects
[17-Nov-2025 19:19:06 UTC] Class not found: \RomethemeKit\Rkit_Sticky_Content
[17-Nov-2025 19:19:06 UTC] Instantiated class: \RomethemeKit\RkitToolTips
[17-Nov-2025 19:19:06 UTC] Instantiated class: \RomethemeKit\RkitWrapperLink
[17-Nov-2025 19:19:06 UTC] Loaded file: blur_effects.php
[17-Nov-2025 19:19:06 UTC] Loaded file: rkit_post_duplicator.php
[17-Nov-2025 19:19:06 UTC] Loaded file: rkit_tool_tips.php
[17-Nov-2025 19:19:06 UTC] Loaded file: rkit_wrapper_link.php
[17-Nov-2025 19:19:06 UTC] Class not found: \RomethemeKit\Rkit_Custom_Cursor
[17-Nov-2025 19:19:06 UTC] Instantiated class: \RomethemeKit\RkitDuplicator
[17-Nov-2025 19:19:06 UTC] Instantiated class: \RomethemeKit\BlurEffects
[17-Nov-2025 19:19:06 UTC] Class not found: \RomethemeKit\Rkit_Sticky_Content
[17-Nov-2025 19:19:06 UTC] Instantiated class: \RomethemeKit\RkitToolTips
[17-Nov-2025 19:19:06 UTC] Instantiated class: \RomethemeKit\RkitWrapperLink
[17-Nov-2025 19:19:08 UTC] Loaded file: blur_effects.php
[17-Nov-2025 19:19:08 UTC] Loaded file: rkit_post_duplicator.php
[17-Nov-2025 19:19:08 UTC] Loaded file: rkit_tool_tips.php
[17-Nov-2025 19:19:08 UTC] Loaded file: rkit_wrapper_link.php
[17-Nov-2025 19:19:08 UTC] Class not found: \RomethemeKit\Rkit_Custom_Cursor
[17-Nov-2025 19:19:08 UTC] Instantiated class: \RomethemeKit\RkitDuplicator
[17-Nov-2025 19:19:08 UTC] Instantiated class: \RomethemeKit\BlurEffects
[17-Nov-2025 19:19:08 UTC] Class not found: \RomethemeKit\Rkit_Sticky_Content
[17-Nov-2025 19:19:08 UTC] Instantiated class: \RomethemeKit\RkitToolTips
[17-Nov-2025 19:19:08 UTC] Instantiated class: \RomethemeKit\RkitWrapperLink
[17-Nov-2025 19:19:09 UTC] Loaded file: blur_effects.php
[17-Nov-2025 19:19:09 UTC] Loaded file: rkit_post_duplicator.php
[17-Nov-2025 19:19:09 UTC] Loaded file: rkit_tool_tips.php
[17-Nov-2025 19:19:09 UTC] Loaded file: rkit_wrapper_link.php
[17-Nov-2025 19:19:09 UTC] Class not found: \RomethemeKit\Rkit_Custom_Cursor
[17-Nov-2025 19:19:09 UTC] Instantiated class: \RomethemeKit\RkitDuplicator
[17-Nov-2025 19:19:09 UTC] Instantiated class: \RomethemeKit\BlurEffects
[17-Nov-2025 19:19:09 UTC] Class not found: \RomethemeKit\Rkit_Sticky_Content
[17-Nov-2025 19:19:09 UTC] Instantiated class: \RomethemeKit\RkitToolTips
[17-Nov-2025 19:19:09 UTC] Instantiated class: \RomethemeKit\RkitWrapperLink
[17-Nov-2025 19:19:09 UTC] Loaded file: blur_effects.php
[17-Nov-2025 19:19:09 UTC] Loaded file: rkit_post_duplicator.php
[17-Nov-2025 19:19:09 UTC] Loaded file: rkit_tool_tips.php
[17-Nov-2025 19:19:09 UTC] Loaded file: rkit_wrapper_link.php
[17-Nov-2025 19:19:09 UTC] Class not found: \RomethemeKit\Rkit_Custom_Cursor
[17-Nov-2025 19:19:09 UTC] Instantiated class: \RomethemeKit\RkitDuplicator
[17-Nov-2025 19:19:09 UTC] Instantiated class: \RomethemeKit\BlurEffects
[17-Nov-2025 19:19:09 UTC] Class not found: \RomethemeKit\Rkit_Sticky_Content
[17-Nov-2025 19:19:09 UTC] Instantiated class: \RomethemeKit\RkitToolTips
[17-Nov-2025 19:19:09 UTC] Instantiated class: \RomethemeKit\RkitWrapperLink
[17-Nov-2025 19:19:13 UTC] Loaded file: blur_effects.php
[17-Nov-2025 19:19:13 UTC] Loaded file: rkit_post_duplicator.php
[17-Nov-2025 19:19:13 UTC] Loaded file: rkit_tool_tips.php
[17-Nov-2025 19:19:13 UTC] Loaded file: rkit_wrapper_link.php
[17-Nov-2025 19:19:13 UTC] Class not found: \RomethemeKit\Rkit_Custom_Cursor
[17-Nov-2025 19:19:13 UTC] Instantiated class: \RomethemeKit\RkitDuplicator
[17-Nov-2025 19:19:13 UTC] Instantiated class: \RomethemeKit\BlurEffects
[17-Nov-2025 19:19:13 UTC] Class not found: \RomethemeKit\Rkit_Sticky_Content
[17-Nov-2025 19:19:13 UTC] Instantiated class: \RomethemeKit\RkitToolTips
[17-Nov-2025 19:19:13 UTC] Instantiated class: \RomethemeKit\RkitWrapperLink
[17-Nov-2025 19:19:13 UTC] Loaded file: blur_effects.php
[17-Nov-2025 19:19:13 UTC] Loaded file: rkit_post_duplicator.php
[17-Nov-2025 19:19:13 UTC] Loaded file: rkit_tool_tips.php
[17-Nov-2025 19:19:13 UTC] Loaded file: rkit_wrapper_link.php
[17-Nov-2025 19:19:13 UTC] Class not found: \RomethemeKit\Rkit_Custom_Cursor
[17-Nov-2025 19:19:13 UTC] Instantiated class: \RomethemeKit\RkitDuplicator
[17-Nov-2025 19:19:13 UTC] Instantiated class: \RomethemeKit\BlurEffects
[17-Nov-2025 19:19:13 UTC] Class not found: \RomethemeKit\Rkit_Sticky_Content
[17-Nov-2025 19:19:13 UTC] Instantiated class: \RomethemeKit\RkitToolTips
[17-Nov-2025 19:19:13 UTC] Instantiated class: \RomethemeKit\RkitWrapperLink
[17-Nov-2025 19:19:17 UTC] Loaded file: blur_effects.php
[17-Nov-2025 19:19:17 UTC] Loaded file: rkit_post_duplicator.php
[17-Nov-2025 19:19:17 UTC] Loaded file: rkit_tool_tips.php
[17-Nov-2025 19:19:17 UTC] Loaded file: rkit_wrapper_link.php
[17-Nov-2025 19:19:17 UTC] Class not found: \RomethemeKit\Rkit_Custom_Cursor
[17-Nov-2025 19:19:17 UTC] Instantiated class: \RomethemeKit\RkitDuplicator
[17-Nov-2025 19:19:17 UTC] Instantiated class: \RomethemeKit\BlurEffects
[17-Nov-2025 19:19:17 UTC] Class not found: \RomethemeKit\Rkit_Sticky_Content
[17-Nov-2025 19:19:17 UTC] Instantiated class: \RomethemeKit\RkitToolTips
[17-Nov-2025 19:19:17 UTC] Instantiated class: \RomethemeKit\RkitWrapperLink
[17-Nov-2025 19:19:17 UTC] [Soltour API info] Request to master/getAllOrigins: {"productType":"PACKAGE","destinationCode":"PUJ"}
[17-Nov-2025 19:19:17 UTC] [Soltour API info] Response from master/getAllOrigins: {"origins":[{"code":"LCG","name":"A Coruña","airportType":"AIRPORT","destinationCode":"LCG","destinationName":"LA CORUNA","description":"A Coruña","dynamic":false},{"code":"ABC","name":"Albacete","airportType":"AIRPORT","description":"Albacete","dynamic":false},{"code":"ALC","name":"Alicante","airportType":"AIRPORT","destinationCode":"ALC","destinationName":"ALICANTE","description":"Alicante","dynamic":false},{"code":"LEI","name":"Almería","airportType":"AIRPORT","destinationCode":"LEI","dest
[17-Nov-2025 19:19:27 UTC] Loaded file: blur_effects.php
[17-Nov-2025 19:19:27 UTC] Loaded file: rkit_post_duplicator.php
[17-Nov-2025 19:19:27 UTC] Loaded file: rkit_tool_tips.php
[17-Nov-2025 19:19:27 UTC] Loaded file: rkit_wrapper_link.php
[17-Nov-2025 19:19:27 UTC] Class not found: \RomethemeKit\Rkit_Custom_Cursor
[17-Nov-2025 19:19:27 UTC] Instantiated class: \RomethemeKit\RkitDuplicator
[17-Nov-2025 19:19:27 UTC] Instantiated class: \RomethemeKit\BlurEffects
[17-Nov-2025 19:19:27 UTC] Class not found: \RomethemeKit\Rkit_Sticky_Content
[17-Nov-2025 19:19:27 UTC] Instantiated class: \RomethemeKit\RkitToolTips
[17-Nov-2025 19:19:27 UTC] Instantiated class: \RomethemeKit\RkitWrapperLink
[17-Nov-2025 19:19:28 UTC] Loaded file: blur_effects.php
[17-Nov-2025 19:19:28 UTC] Loaded file: rkit_post_duplicator.php
[17-Nov-2025 19:19:28 UTC] Loaded file: rkit_tool_tips.php
[17-Nov-2025 19:19:28 UTC] Loaded file: rkit_wrapper_link.php
[17-Nov-2025 19:19:28 UTC] Class not found: \RomethemeKit\Rkit_Custom_Cursor
[17-Nov-2025 19:19:28 UTC] Instantiated class: \RomethemeKit\RkitDuplicator
[17-Nov-2025 19:19:28 UTC] Instantiated class: \RomethemeKit\BlurEffects
[17-Nov-2025 19:19:28 UTC] Class not found: \RomethemeKit\Rkit_Sticky_Content
[17-Nov-2025 19:19:28 UTC] Instantiated class: \RomethemeKit\RkitToolTips
[17-Nov-2025 19:19:28 UTC] Instantiated class: \RomethemeKit\RkitWrapperLink
[17-Nov-2025 19:19:29 UTC] Loaded file: blur_effects.php
[17-Nov-2025 19:19:29 UTC] Loaded file: rkit_post_duplicator.php
[17-Nov-2025 19:19:29 UTC] Loaded file: rkit_tool_tips.php
[17-Nov-2025 19:19:29 UTC] Loaded file: rkit_wrapper_link.php
[17-Nov-2025 19:19:29 UTC] Class not found: \RomethemeKit\Rkit_Custom_Cursor
[17-Nov-2025 19:19:29 UTC] Instantiated class: \RomethemeKit\RkitDuplicator
[17-Nov-2025 19:19:29 UTC] Instantiated class: \RomethemeKit\BlurEffects
[17-Nov-2025 19:19:29 UTC] Class not found: \RomethemeKit\Rkit_Sticky_Content
[17-Nov-2025 19:19:29 UTC] Instantiated class: \RomethemeKit\RkitToolTips
[17-Nov-2025 19:19:29 UTC] Instantiated class: \RomethemeKit\RkitWrapperLink
[17-Nov-2025 19:19:29 UTC] Loaded file: blur_effects.php
[17-Nov-2025 19:19:29 UTC] Loaded file: rkit_post_duplicator.php
[17-Nov-2025 19:19:29 UTC] Loaded file: rkit_tool_tips.php
[17-Nov-2025 19:19:29 UTC] Loaded file: rkit_wrapper_link.php
[17-Nov-2025 19:19:29 UTC] Class not found: \RomethemeKit\Rkit_Custom_Cursor
[17-Nov-2025 19:19:29 UTC] Instantiated class: \RomethemeKit\RkitDuplicator
[17-Nov-2025 19:19:29 UTC] Instantiated class: \RomethemeKit\BlurEffects
[17-Nov-2025 19:19:29 UTC] Class not found: \RomethemeKit\Rkit_Sticky_Content
[17-Nov-2025 19:19:29 UTC] Instantiated class: \RomethemeKit\RkitToolTips
[17-Nov-2025 19:19:29 UTC] Instantiated class: \RomethemeKit\RkitWrapperLink
[17-Nov-2025 19:19:29 UTC] [Soltour API info] === AJAX SEARCH PACKAGES CALLED ===
[17-Nov-2025 19:19:29 UTC] [Soltour API info] Params recebidos do frontend:
[17-Nov-2025 19:19:29 UTC] [Soltour API info]   - pageNumber: 0
[17-Nov-2025 19:19:29 UTC] [Soltour API info]   - rowsPerPage: 100
[17-Nov-2025 19:19:29 UTC] [Soltour API info] Params completos: {"originCode":"MAD","destinationCode":"PUJ","startDate":"2026-05-25","numNights":7,"rooms":[{"passengers":[{"type":"ADULT","age":30}]}],"productType":"PACKAGE","onlyHotel":"N","pageNumber":0,"rowsPerPage":100}
[17-Nov-2025 19:19:29 UTC] [Soltour API info] Enviando para API Soltour (booking/availability):
[17-Nov-2025 19:19:29 UTC] [Soltour API info]   - criteria.pagination.pageNumber: 0
[17-Nov-2025 19:19:29 UTC] [Soltour API info]   - criteria.pagination.rowsPerPage: 100
[17-Nov-2025 19:19:29 UTC] [Soltour API info] Request to booking/availability: {"productType":"PACKAGE","onlyHotel":"N","criteria":{"order":{"type":"PRICE","direction":"ASC"},"pagination":{"pageNumber":0,"rowsPerPage":100}},"languageCode":"PT","params":{"startDate":"2026-05-25","endDate":"2026-06-01","residentType":"NONE","accomodation":{"rooms":[{"passengers":[{"type":"ADULT","age":30}]}]},"hotelParams":{"destinationCode":"PUJ","includeImmediatePayment":true},"flightParams":{"itineraries":[{"origins":["MAD"],"destinations":["PUJ"]}],"directFlightsOnly":false,"includeImmediatePayment":true}}}
[17-Nov-2025 19:20:01 UTC] Loaded file: blur_effects.php
[17-Nov-2025 19:20:01 UTC] Loaded file: rkit_post_duplicator.php
[17-Nov-2025 19:20:01 UTC] Loaded file: rkit_tool_tips.php
[17-Nov-2025 19:20:01 UTC] Loaded file: rkit_wrapper_link.php
[17-Nov-2025 19:20:01 UTC] Class not found: \RomethemeKit\Rkit_Custom_Cursor
[17-Nov-2025 19:20:01 UTC] Instantiated class: \RomethemeKit\RkitDuplicator
[17-Nov-2025 19:20:01 UTC] Instantiated class: \RomethemeKit\BlurEffects
[17-Nov-2025 19:20:01 UTC] Class not found: \RomethemeKit\Rkit_Sticky_Content
[17-Nov-2025 19:20:01 UTC] Instantiated class: \RomethemeKit\RkitToolTips
[17-Nov-2025 19:20:01 UTC] Instantiated class: \RomethemeKit\RkitWrapperLink
[17-Nov-2025 19:20:02 UTC] Loaded file: blur_effects.php
[17-Nov-2025 19:20:02 UTC] Loaded file: rkit_post_duplicator.php
[17-Nov-2025 19:20:02 UTC] Loaded file: rkit_tool_tips.php
[17-Nov-2025 19:20:02 UTC] Loaded file: rkit_wrapper_link.php
[17-Nov-2025 19:20:02 UTC] Class not found: \RomethemeKit\Rkit_Custom_Cursor
[17-Nov-2025 19:20:02 UTC] Instantiated class: \RomethemeKit\RkitDuplicator
[17-Nov-2025 19:20:02 UTC] Instantiated class: \RomethemeKit\BlurEffects
[17-Nov-2025 19:20:02 UTC] Class not found: \RomethemeKit\Rkit_Sticky_Content
[17-Nov-2025 19:20:02 UTC] Instantiated class: \RomethemeKit\RkitToolTips
[17-Nov-2025 19:20:02 UTC] Instantiated class: \RomethemeKit\RkitWrapperLink
[17-Nov-2025 19:20:07 UTC] [Soltour API info] Response from booking/availability: {"productType":"PACKAGE","availToken":"rGfoAjU2pMjGzLTT1CEU0VqfVQEBh8EMPHohoHjdSZ8=","timestamp":"2025-11-17T20:19:29.922492794","serviceType":"UNDEFINED","agencyInformation":{"clientCode":"BEAUTYT","branchOfficeCode":"999","taxApplicationType":"ISC","taxRate":0,"paymentType":"PP","commission":{"currency":"EUR","rate":15}},"budgets":[{"booked":false,"selected":false,"hotelServices":[{"responseId":"WVFtyIw3MEzd3Ipu9D9ByZ9ctYUZ4Oklt5X5c0E0h1A=","id":"fc5b3292-7cc0-4c90-b352-ea07115b8685","type":"H
[17-Nov-2025 19:20:07 UTC] [Soltour API info] Resposta da API Soltour:
[17-Nov-2025 19:20:07 UTC] [Soltour API info]   - budgets: 60
[17-Nov-2025 19:20:07 UTC] [Soltour API info]   - totalCount: 0
[17-Nov-2025 19:20:07 UTC] [Soltour API info]   - hotels: 39
[17-Nov-2025 19:20:07 UTC] [Soltour API info]   - availToken: SIM
[17-Nov-2025 19:20:08 UTC] Loaded file: blur_effects.php
[17-Nov-2025 19:20:08 UTC] Loaded file: rkit_post_duplicator.php
[17-Nov-2025 19:20:08 UTC] Loaded file: rkit_tool_tips.php
[17-Nov-2025 19:20:08 UTC] Loaded file: rkit_wrapper_link.php
[17-Nov-2025 19:20:08 UTC] Class not found: \RomethemeKit\Rkit_Custom_Cursor
[17-Nov-2025 19:20:08 UTC] Instantiated class: \RomethemeKit\RkitDuplicator
[17-Nov-2025 19:20:08 UTC] Instantiated class: \RomethemeKit\BlurEffects
[17-Nov-2025 19:20:08 UTC] Class not found: \RomethemeKit\Rkit_Sticky_Content
[17-Nov-2025 19:20:08 UTC] Instantiated class: \RomethemeKit\RkitToolTips
[17-Nov-2025 19:20:08 UTC] Instantiated class: \RomethemeKit\RkitWrapperLink
[17-Nov-2025 19:20:08 UTC] Loaded file: blur_effects.php
[17-Nov-2025 19:20:08 UTC] Loaded file: rkit_post_duplicator.php
[17-Nov-2025 19:20:08 UTC] Loaded file: rkit_tool_tips.php
[17-Nov-2025 19:20:08 UTC] Loaded file: rkit_wrapper_link.php
[17-Nov-2025 19:20:08 UTC] Class not found: \RomethemeKit\Rkit_Custom_Cursor
[17-Nov-2025 19:20:08 UTC] Instantiated class: \RomethemeKit\RkitDuplicator
[17-Nov-2025 19:20:08 UTC] Instantiated class: \RomethemeKit\BlurEffects
[17-Nov-2025 19:20:08 UTC] Class not found: \RomethemeKit\Rkit_Sticky_Content
[17-Nov-2025 19:20:08 UTC] Instantiated class: \RomethemeKit\RkitToolTips
[17-Nov-2025 19:20:08 UTC] Instantiated class: \RomethemeKit\RkitWrapperLink
[17-Nov-2025 19:20:08 UTC] Loaded file: blur_effects.php
[17-Nov-2025 19:20:08 UTC] Loaded file: rkit_post_duplicator.php
[17-Nov-2025 19:20:08 UTC] Loaded file: rkit_tool_tips.php
[17-Nov-2025 19:20:08 UTC] Loaded file: rkit_wrapper_link.php
[17-Nov-2025 19:20:08 UTC] Class not found: \RomethemeKit\Rkit_Custom_Cursor
[17-Nov-2025 19:20:08 UTC] Instantiated class: \RomethemeKit\RkitDuplicator
[17-Nov-2025 19:20:08 UTC] Instantiated class: \RomethemeKit\BlurEffects
[17-Nov-2025 19:20:08 UTC] Class not found: \RomethemeKit\Rkit_Sticky_Content
[17-Nov-2025 19:20:08 UTC] Instantiated class: \RomethemeKit\RkitToolTips
[17-Nov-2025 19:20:08 UTC] Instantiated class: \RomethemeKit\RkitWrapperLink
[17-Nov-2025 19:20:08 UTC] Loaded file: blur_effects.php
[17-Nov-2025 19:20:08 UTC] Loaded file: rkit_post_duplicator.php
[17-Nov-2025 19:20:08 UTC] Loaded file: rkit_tool_tips.php
[17-Nov-2025 19:20:08 UTC] Loaded file: rkit_wrapper_link.php
[17-Nov-2025 19:20:08 UTC] Class not found: \RomethemeKit\Rkit_Custom_Cursor
[17-Nov-2025 19:20:08 UTC] Instantiated class: \RomethemeKit\RkitDuplicator
[17-Nov-2025 19:20:08 UTC] Instantiated class: \RomethemeKit\BlurEffects
[17-Nov-2025 19:20:08 UTC] Class not found: \RomethemeKit\Rkit_Sticky_Content
[17-Nov-2025 19:20:08 UTC] Instantiated class: \RomethemeKit\RkitToolTips
[17-Nov-2025 19:20:08 UTC] Instantiated class: \RomethemeKit\RkitWrapperLink
[17-Nov-2025 19:20:08 UTC] Loaded file: blur_effects.php
[17-Nov-2025 19:20:08 UTC] Loaded file: rkit_post_duplicator.php
[17-Nov-2025 19:20:08 UTC] Loaded file: rkit_tool_tips.php
[17-Nov-2025 19:20:08 UTC] Loaded file: rkit_wrapper_link.php
[17-Nov-2025 19:20:08 UTC] Class not found: \RomethemeKit\Rkit_Custom_Cursor
[17-Nov-2025 19:20:08 UTC] Instantiated class: \RomethemeKit\RkitDuplicator
[17-Nov-2025 19:20:08 UTC] Instantiated class: \RomethemeKit\BlurEffects
[17-Nov-2025 19:20:08 UTC] Class not found: \RomethemeKit\Rkit_Sticky_Content
[17-Nov-2025 19:20:08 UTC] Instantiated class: \RomethemeKit\RkitToolTips
[17-Nov-2025 19:20:08 UTC] Instantiated class: \RomethemeKit\RkitWrapperLink
[17-Nov-2025 19:20:09 UTC] [Soltour API info] Getting details for budget: H215636##TI##0$5425903494172240106@@100, hotel: H215636
[17-Nov-2025 19:20:09 UTC] [Soltour API info] Request to booking/details: {"productType":"PACKAGE","availToken":"rGfoAjU2pMjGzLTT1CEU0VqfVQEBh8EMPHohoHjdSZ8=","budgetId":"H215636##TI##0$5425903494172240106@@100","hotelParams":{"hotelCode":"H215636","providerCode":"UNDEFINED"}}
[17-Nov-2025 19:20:09 UTC] [Soltour API info] Getting details for budget: H220697##TI##0$5741255583794233433@@100, hotel: H220697
[17-Nov-2025 19:20:09 UTC] [Soltour API info] Request to booking/details: {"productType":"PACKAGE","availToken":"rGfoAjU2pMjGzLTT1CEU0VqfVQEBh8EMPHohoHjdSZ8=","budgetId":"H220697##TI##0$5741255583794233433@@100","hotelParams":{"hotelCode":"H220697","providerCode":"UNDEFINED"}}
[17-Nov-2025 19:20:09 UTC] [Soltour API info] Getting details for budget: H81381##TI##0$5361145706540365167@@100, hotel: H81381
[17-Nov-2025 19:20:09 UTC] [Soltour API info] Request to booking/details: {"productType":"PACKAGE","availToken":"rGfoAjU2pMjGzLTT1CEU0VqfVQEBh8EMPHohoHjdSZ8=","budgetId":"H81381##TI##0$5361145706540365167@@100","hotelParams":{"hotelCode":"H81381","providerCode":"UNDEFINED"}}
[17-Nov-2025 19:20:09 UTC] [Soltour API info] Getting details for budget: H81784##TI##0$4911984099338420636@@100, hotel: H81784
[17-Nov-2025 19:20:09 UTC] [Soltour API info] Request to booking/details: {"productType":"PACKAGE","availToken":"rGfoAjU2pMjGzLTT1CEU0VqfVQEBh8EMPHohoHjdSZ8=","budgetId":"H81784##TI##0$4911984099338420636@@100","hotelParams":{"hotelCode":"H81784","providerCode":"UNDEFINED"}}
[17-Nov-2025 19:20:09 UTC] [Soltour API info] Getting details for budget: H99741##TI##0$4870104990851417763@@100, hotel: H99741
[17-Nov-2025 19:20:09 UTC] [Soltour API info] Request to booking/details: {"productType":"PACKAGE","availToken":"rGfoAjU2pMjGzLTT1CEU0VqfVQEBh8EMPHohoHjdSZ8=","budgetId":"H99741##TI##0$4870104990851417763@@100","hotelParams":{"hotelCode":"H99741","providerCode":"UNDEFINED"}}
[17-Nov-2025 19:20:09 UTC] [Soltour API info] Response from booking/details: {"availToken":"rGfoAjU2pMjGzLTT1CEU0VqfVQEBh8EMPHohoHjdSZ8=","timestamp":"2025-11-17T20:20:09.481114836","serviceType":"UNDEFINED","agencyInformation":{"clientCode":"BEAUTYT","branchOfficeCode":"999","taxApplicationType":"ISC","taxRate":0,"paymentType":"PP","commission":{"currency":"EUR","rate":15}},"params":{"startDate":"2026-05-25","endDate":"2026-06-01","accomodation":{"rooms":[{"passengers":[{"age":30,"type":"ADULT"}]}]},"residentType":"NONE","numNights":0,"flightParams":{"itineraries":[{"or
[17-Nov-2025 19:20:09 UTC] [Soltour API info] Details response structure: {"has_budget":false,"has_details":true,"has_error":false,"error_msg":null}
[17-Nov-2025 19:20:09 UTC] [Soltour API info] Response from booking/details: {"availToken":"rGfoAjU2pMjGzLTT1CEU0VqfVQEBh8EMPHohoHjdSZ8=","timestamp":"2025-11-17T20:20:09.452271508","serviceType":"UNDEFINED","agencyInformation":{"clientCode":"BEAUTYT","branchOfficeCode":"999","taxApplicationType":"ISC","taxRate":0,"paymentType":"PP","commission":{"currency":"EUR","rate":15}},"params":{"startDate":"2026-05-25","endDate":"2026-06-01","accomodation":{"rooms":[{"passengers":[{"age":30,"type":"ADULT"}]}]},"residentType":"NONE","numNights":0,"flightParams":{"itineraries":[{"or
[17-Nov-2025 19:20:09 UTC] [Soltour API info] Details response structure: {"has_budget":false,"has_details":true,"has_error":false,"error_msg":null}
[17-Nov-2025 19:20:09 UTC] [Soltour API info] Response from booking/details: {"availToken":"rGfoAjU2pMjGzLTT1CEU0VqfVQEBh8EMPHohoHjdSZ8=","timestamp":"2025-11-17T20:20:09.492558965","serviceType":"UNDEFINED","agencyInformation":{"clientCode":"BEAUTYT","branchOfficeCode":"999","taxApplicationType":"ISC","taxRate":0,"paymentType":"PP","commission":{"currency":"EUR","rate":15}},"params":{"startDate":"2026-05-25","endDate":"2026-06-01","accomodation":{"rooms":[{"passengers":[{"age":30,"type":"ADULT"}]}]},"residentType":"NONE","numNights":0,"flightParams":{"itineraries":[{"or
[17-Nov-2025 19:20:09 UTC] [Soltour API info] Details response structure: {"has_budget":false,"has_details":true,"has_error":false,"error_msg":null}
[17-Nov-2025 19:20:09 UTC] [Soltour API info] Response from booking/details: {"availToken":"rGfoAjU2pMjGzLTT1CEU0VqfVQEBh8EMPHohoHjdSZ8=","timestamp":"2025-11-17T20:20:09.503109904","serviceType":"UNDEFINED","agencyInformation":{"clientCode":"BEAUTYT","branchOfficeCode":"999","taxApplicationType":"ISC","taxRate":0,"paymentType":"PP","commission":{"currency":"EUR","rate":15}},"params":{"startDate":"2026-05-25","endDate":"2026-06-01","accomodation":{"rooms":[{"passengers":[{"age":30,"type":"ADULT"}]}]},"residentType":"NONE","numNights":0,"flightParams":{"itineraries":[{"or
[17-Nov-2025 19:20:09 UTC] [Soltour API info] Details response structure: {"has_budget":false,"has_details":true,"has_error":false,"error_msg":null}
[17-Nov-2025 19:20:09 UTC] [Soltour API info] Response from booking/details: {"availToken":"rGfoAjU2pMjGzLTT1CEU0VqfVQEBh8EMPHohoHjdSZ8=","timestamp":"2025-11-17T20:20:09.563618008","serviceType":"UNDEFINED","agencyInformation":{"clientCode":"BEAUTYT","branchOfficeCode":"999","taxApplicationType":"ISC","taxRate":0,"paymentType":"PP","commission":{"currency":"EUR","rate":15}},"params":{"startDate":"2026-05-25","endDate":"2026-06-01","accomodation":{"rooms":[{"passengers":[{"age":30,"type":"ADULT"}]}]},"residentType":"NONE","numNights":0,"flightParams":{"itineraries":[{"or
[17-Nov-2025 19:20:09 UTC] [Soltour API info] Details response structure: {"has_budget":false,"has_details":true,"has_error":false,"error_msg":null}
[17-Nov-2025 19:20:10 UTC] Loaded file: blur_effects.php
[17-Nov-2025 19:20:10 UTC] Loaded file: rkit_post_duplicator.php
[17-Nov-2025 19:20:10 UTC] Loaded file: rkit_tool_tips.php
[17-Nov-2025 19:20:10 UTC] Loaded file: rkit_wrapper_link.php
[17-Nov-2025 19:20:10 UTC] Class not found: \RomethemeKit\Rkit_Custom_Cursor
[17-Nov-2025 19:20:10 UTC] Instantiated class: \RomethemeKit\RkitDuplicator
[17-Nov-2025 19:20:10 UTC] Instantiated class: \RomethemeKit\BlurEffects
[17-Nov-2025 19:20:10 UTC] Class not found: \RomethemeKit\Rkit_Sticky_Content
[17-Nov-2025 19:20:10 UTC] Instantiated class: \RomethemeKit\RkitToolTips
[17-Nov-2025 19:20:10 UTC] Instantiated class: \RomethemeKit\RkitWrapperLink
[17-Nov-2025 19:20:10 UTC] Loaded file: blur_effects.php
[17-Nov-2025 19:20:10 UTC] Loaded file: rkit_post_duplicator.php
[17-Nov-2025 19:20:10 UTC] Loaded file: rkit_tool_tips.php
[17-Nov-2025 19:20:10 UTC] Loaded file: rkit_wrapper_link.php
[17-Nov-2025 19:20:10 UTC] Class not found: \RomethemeKit\Rkit_Custom_Cursor
[17-Nov-2025 19:20:10 UTC] Instantiated class: \RomethemeKit\RkitDuplicator
[17-Nov-2025 19:20:10 UTC] Instantiated class: \RomethemeKit\BlurEffects
[17-Nov-2025 19:20:10 UTC] Class not found: \RomethemeKit\Rkit_Sticky_Content
[17-Nov-2025 19:20:10 UTC] Instantiated class: \RomethemeKit\RkitToolTips
[17-Nov-2025 19:20:10 UTC] Instantiated class: \RomethemeKit\RkitWrapperLink
[17-Nov-2025 19:20:10 UTC] Loaded file: blur_effects.php
[17-Nov-2025 19:20:10 UTC] Loaded file: rkit_post_duplicator.php
[17-Nov-2025 19:20:10 UTC] Loaded file: rkit_tool_tips.php
[17-Nov-2025 19:20:10 UTC] Loaded file: rkit_wrapper_link.php
[17-Nov-2025 19:20:10 UTC] Class not found: \RomethemeKit\Rkit_Custom_Cursor
[17-Nov-2025 19:20:10 UTC] Instantiated class: \RomethemeKit\RkitDuplicator
[17-Nov-2025 19:20:10 UTC] Instantiated class: \RomethemeKit\BlurEffects
[17-Nov-2025 19:20:10 UTC] Class not found: \RomethemeKit\Rkit_Sticky_Content
[17-Nov-2025 19:20:10 UTC] Instantiated class: \RomethemeKit\RkitToolTips
[17-Nov-2025 19:20:10 UTC] Instantiated class: \RomethemeKit\RkitWrapperLink
[17-Nov-2025 19:20:10 UTC] Loaded file: blur_effects.php
[17-Nov-2025 19:20:10 UTC] Loaded file: rkit_post_duplicator.php
[17-Nov-2025 19:20:10 UTC] Loaded file: rkit_tool_tips.php
[17-Nov-2025 19:20:10 UTC] Loaded file: rkit_wrapper_link.php
[17-Nov-2025 19:20:10 UTC] Class not found: \RomethemeKit\Rkit_Custom_Cursor
[17-Nov-2025 19:20:10 UTC] Instantiated class: \RomethemeKit\RkitDuplicator
[17-Nov-2025 19:20:10 UTC] Instantiated class: \RomethemeKit\BlurEffects
[17-Nov-2025 19:20:10 UTC] Class not found: \RomethemeKit\Rkit_Sticky_Content
[17-Nov-2025 19:20:10 UTC] Instantiated class: \RomethemeKit\RkitToolTips
[17-Nov-2025 19:20:10 UTC] Instantiated class: \RomethemeKit\RkitWrapperLink
[17-Nov-2025 19:20:10 UTC] Loaded file: blur_effects.php
[17-Nov-2025 19:20:10 UTC] Loaded file: rkit_post_duplicator.php
[17-Nov-2025 19:20:10 UTC] Loaded file: rkit_tool_tips.php
[17-Nov-2025 19:20:10 UTC] Loaded file: rkit_wrapper_link.php
[17-Nov-2025 19:20:10 UTC] Class not found: \RomethemeKit\Rkit_Custom_Cursor
[17-Nov-2025 19:20:10 UTC] Instantiated class: \RomethemeKit\RkitDuplicator
[17-Nov-2025 19:20:10 UTC] Instantiated class: \RomethemeKit\BlurEffects
[17-Nov-2025 19:20:10 UTC] Class not found: \RomethemeKit\Rkit_Sticky_Content
[17-Nov-2025 19:20:10 UTC] Instantiated class: \RomethemeKit\RkitToolTips
[17-Nov-2025 19:20:10 UTC] Instantiated class: \RomethemeKit\RkitWrapperLink
[17-Nov-2025 19:20:11 UTC] [Soltour API info] Getting details for budget: H79993##TI##0$5212163380500234619@@100, hotel: H79993
[17-Nov-2025 19:20:11 UTC] [Soltour API info] Request to booking/details: {"productType":"PACKAGE","availToken":"rGfoAjU2pMjGzLTT1CEU0VqfVQEBh8EMPHohoHjdSZ8=","budgetId":"H79993##TI##0$5212163380500234619@@100","hotelParams":{"hotelCode":"H79993","providerCode":"UNDEFINED"}}
[17-Nov-2025 19:20:11 UTC] [Soltour API info] Getting details for budget: H68719##TI##0$5347272861880761416@@100, hotel: H68719
[17-Nov-2025 19:20:11 UTC] [Soltour API info] Request to booking/details: {"productType":"PACKAGE","availToken":"rGfoAjU2pMjGzLTT1CEU0VqfVQEBh8EMPHohoHjdSZ8=","budgetId":"H68719##TI##0$5347272861880761416@@100","hotelParams":{"hotelCode":"H68719","providerCode":"UNDEFINED"}}
[17-Nov-2025 19:20:11 UTC] [Soltour API info] Getting details for budget: H24##TI##0$5700283715140842297@@100, hotel: H24
[17-Nov-2025 19:20:11 UTC] [Soltour API info] Request to booking/details: {"productType":"PACKAGE","availToken":"rGfoAjU2pMjGzLTT1CEU0VqfVQEBh8EMPHohoHjdSZ8=","budgetId":"H24##TI##0$5700283715140842297@@100","hotelParams":{"hotelCode":"H24","providerCode":"UNDEFINED"}}
[17-Nov-2025 19:20:11 UTC] [Soltour API info] Getting details for budget: H199543##SA##0$5243045618175552699@@100, hotel: H199543
[17-Nov-2025 19:20:11 UTC] [Soltour API info] Request to booking/details: {"productType":"PACKAGE","availToken":"rGfoAjU2pMjGzLTT1CEU0VqfVQEBh8EMPHohoHjdSZ8=","budgetId":"H199543##SA##0$5243045618175552699@@100","hotelParams":{"hotelCode":"H199543","providerCode":"UNDEFINED"}}
[17-Nov-2025 19:20:11 UTC] [Soltour API info] Getting details for budget: H408431##SA##0$5227900824360473680@@100, hotel: H408431
[17-Nov-2025 19:20:11 UTC] [Soltour API info] Request to booking/details: {"productType":"PACKAGE","availToken":"rGfoAjU2pMjGzLTT1CEU0VqfVQEBh8EMPHohoHjdSZ8=","budgetId":"H408431##SA##0$5227900824360473680@@100","hotelParams":{"hotelCode":"H408431","providerCode":"UNDEFINED"}}
[17-Nov-2025 19:20:11 UTC] [Soltour API info] Response from booking/details: {"availToken":"rGfoAjU2pMjGzLTT1CEU0VqfVQEBh8EMPHohoHjdSZ8=","timestamp":"2025-11-17T20:20:11.748289158","serviceType":"UNDEFINED","agencyInformation":{"clientCode":"BEAUTYT","branchOfficeCode":"999","taxApplicationType":"ISC","taxRate":0,"paymentType":"PP","commission":{"currency":"EUR","rate":15}},"params":{"startDate":"2026-05-25","endDate":"2026-06-01","accomodation":{"rooms":[{"passengers":[{"age":30,"type":"ADULT"}]}]},"residentType":"NONE","numNights":0,"flightParams":{"itineraries":[{"or
[17-Nov-2025 19:20:11 UTC] [Soltour API info] Details response structure: {"has_budget":false,"has_details":true,"has_error":false,"error_msg":null}
[17-Nov-2025 19:20:11 UTC] [Soltour API info] Response from booking/details: {"availToken":"rGfoAjU2pMjGzLTT1CEU0VqfVQEBh8EMPHohoHjdSZ8=","timestamp":"2025-11-17T20:20:11.842365920","serviceType":"UNDEFINED","agencyInformation":{"clientCode":"BEAUTYT","branchOfficeCode":"999","taxApplicationType":"ISC","taxRate":0,"paymentType":"PP","commission":{"currency":"EUR","rate":15}},"params":{"startDate":"2026-05-25","endDate":"2026-06-01","accomodation":{"rooms":[{"passengers":[{"age":30,"type":"ADULT"}]}]},"residentType":"NONE","numNights":0,"flightParams":{"itineraries":[{"or
[17-Nov-2025 19:20:11 UTC] [Soltour API info] Details response structure: {"has_budget":false,"has_details":true,"has_error":false,"error_msg":null}
[17-Nov-2025 19:20:12 UTC] [Soltour API info] Response from booking/details: {"availToken":"rGfoAjU2pMjGzLTT1CEU0VqfVQEBh8EMPHohoHjdSZ8=","timestamp":"2025-11-17T20:20:12.122197530","serviceType":"UNDEFINED","agencyInformation":{"clientCode":"BEAUTYT","branchOfficeCode":"999","taxApplicationType":"ISC","taxRate":0,"paymentType":"PP","commission":{"currency":"EUR","rate":15}},"params":{"startDate":"2026-05-25","endDate":"2026-06-01","accomodation":{"rooms":[{"passengers":[{"age":30,"type":"ADULT"}]}]},"residentType":"NONE","numNights":0,"flightParams":{"itineraries":[{"or
[17-Nov-2025 19:20:12 UTC] [Soltour API info] Details response structure: {"has_budget":false,"has_details":true,"has_error":false,"error_msg":null}
[17-Nov-2025 19:20:12 UTC] [Soltour API info] Response from booking/details: {"availToken":"rGfoAjU2pMjGzLTT1CEU0VqfVQEBh8EMPHohoHjdSZ8=","timestamp":"2025-11-17T20:20:11.675896504","serviceType":"UNDEFINED","agencyInformation":{"clientCode":"BEAUTYT","branchOfficeCode":"999","taxApplicationType":"ISC","taxRate":0,"paymentType":"PP","commission":{"currency":"EUR","rate":15}},"params":{"startDate":"2026-05-25","endDate":"2026-06-01","accomodation":{"rooms":[{"passengers":[{"age":30,"type":"ADULT"}]}]},"residentType":"NONE","numNights":0,"flightParams":{"itineraries":[{"or
[17-Nov-2025 19:20:12 UTC] [Soltour API info] Details response structure: {"has_budget":false,"has_details":true,"has_error":false,"error_msg":null}
[17-Nov-2025 19:20:12 UTC] [Soltour API info] Response from booking/details: {"availToken":"rGfoAjU2pMjGzLTT1CEU0VqfVQEBh8EMPHohoHjdSZ8=","timestamp":"2025-11-17T20:20:12.288217556","serviceType":"UNDEFINED","agencyInformation":{"clientCode":"BEAUTYT","branchOfficeCode":"999","taxApplicationType":"ISC","taxRate":0,"paymentType":"PP","commission":{"currency":"EUR","rate":15}},"params":{"startDate":"2026-05-25","endDate":"2026-06-01","accomodation":{"rooms":[{"passengers":[{"age":30,"type":"ADULT"}]}]},"residentType":"NONE","numNights":0,"flightParams":{"itineraries":[{"or
[17-Nov-2025 19:20:12 UTC] [Soltour API info] Details response structure: {"has_budget":false,"has_details":true,"has_error":false,"error_msg":null}
[17-Nov-2025 19:20:12 UTC] Loaded file: blur_effects.php
[17-Nov-2025 19:20:12 UTC] Loaded file: rkit_post_duplicator.php
[17-Nov-2025 19:20:12 UTC] Loaded file: rkit_tool_tips.php
[17-Nov-2025 19:20:12 UTC] Loaded file: rkit_wrapper_link.php
[17-Nov-2025 19:20:12 UTC] Class not found: \RomethemeKit\Rkit_Custom_Cursor
[17-Nov-2025 19:20:12 UTC] Instantiated class: \RomethemeKit\RkitDuplicator
[17-Nov-2025 19:20:12 UTC] Instantiated class: \RomethemeKit\BlurEffects
[17-Nov-2025 19:20:12 UTC] Class not found: \RomethemeKit\Rkit_Sticky_Content
[17-Nov-2025 19:20:12 UTC] Instantiated class: \RomethemeKit\RkitToolTips
[17-Nov-2025 19:20:12 UTC] Instantiated class: \RomethemeKit\RkitWrapperLink
[17-Nov-2025 19:20:12 UTC] Loaded file: blur_effects.php
[17-Nov-2025 19:20:12 UTC] Loaded file: rkit_post_duplicator.php
[17-Nov-2025 19:20:12 UTC] Loaded file: rkit_tool_tips.php
[17-Nov-2025 19:20:12 UTC] Loaded file: rkit_wrapper_link.php
[17-Nov-2025 19:20:12 UTC] Class not found: \RomethemeKit\Rkit_Custom_Cursor
[17-Nov-2025 19:20:12 UTC] Instantiated class: \RomethemeKit\RkitDuplicator
[17-Nov-2025 19:20:12 UTC] Instantiated class: \RomethemeKit\BlurEffects
[17-Nov-2025 19:20:12 UTC] Class not found: \RomethemeKit\Rkit_Sticky_Content
[17-Nov-2025 19:20:12 UTC] Instantiated class: \RomethemeKit\RkitToolTips
[17-Nov-2025 19:20:12 UTC] Instantiated class: \RomethemeKit\RkitWrapperLink
[17-Nov-2025 19:20:12 UTC] Loaded file: blur_effects.php
[17-Nov-2025 19:20:12 UTC] Loaded file: rkit_post_duplicator.php
[17-Nov-2025 19:20:12 UTC] Loaded file: rkit_tool_tips.php
[17-Nov-2025 19:20:12 UTC] Loaded file: rkit_wrapper_link.php
[17-Nov-2025 19:20:12 UTC] Class not found: \RomethemeKit\Rkit_Custom_Cursor
[17-Nov-2025 19:20:12 UTC] Instantiated class: \RomethemeKit\RkitDuplicator
[17-Nov-2025 19:20:12 UTC] Instantiated class: \RomethemeKit\BlurEffects
[17-Nov-2025 19:20:12 UTC] Class not found: \RomethemeKit\Rkit_Sticky_Content
[17-Nov-2025 19:20:12 UTC] Instantiated class: \RomethemeKit\RkitToolTips
[17-Nov-2025 19:20:12 UTC] Instantiated class: \RomethemeKit\RkitWrapperLink
[17-Nov-2025 19:20:12 UTC] Loaded file: blur_effects.php
[17-Nov-2025 19:20:12 UTC] Loaded file: rkit_post_duplicator.php
[17-Nov-2025 19:20:12 UTC] Loaded file: rkit_tool_tips.php
[17-Nov-2025 19:20:12 UTC] Loaded file: rkit_wrapper_link.php
[17-Nov-2025 19:20:12 UTC] Class not found: \RomethemeKit\Rkit_Custom_Cursor
[17-Nov-2025 19:20:12 UTC] Instantiated class: \RomethemeKit\RkitDuplicator
[17-Nov-2025 19:20:12 UTC] Instantiated class: \RomethemeKit\BlurEffects
[17-Nov-2025 19:20:12 UTC] Class not found: \RomethemeKit\Rkit_Sticky_Content
[17-Nov-2025 19:20:12 UTC] Instantiated class: \RomethemeKit\RkitToolTips
[17-Nov-2025 19:20:12 UTC] Instantiated class: \RomethemeKit\RkitWrapperLink
[17-Nov-2025 19:20:13 UTC] [Soltour API info] Getting details for budget: H3784##TI##0$5650141119522738634@@100, hotel: H3784
[17-Nov-2025 19:20:13 UTC] [Soltour API info] Request to booking/details: {"productType":"PACKAGE","availToken":"rGfoAjU2pMjGzLTT1CEU0VqfVQEBh8EMPHohoHjdSZ8=","budgetId":"H3784##TI##0$5650141119522738634@@100","hotelParams":{"hotelCode":"H3784","providerCode":"UNDEFINED"}}
[17-Nov-2025 19:20:13 UTC] [Soltour API info] Getting details for budget: H14##TI##0$5169395712871839434@@100, hotel: H14
[17-Nov-2025 19:20:13 UTC] [Soltour API info] Request to booking/details: {"productType":"PACKAGE","availToken":"rGfoAjU2pMjGzLTT1CEU0VqfVQEBh8EMPHohoHjdSZ8=","budgetId":"H14##TI##0$5169395712871839434@@100","hotelParams":{"hotelCode":"H14","providerCode":"UNDEFINED"}}
[17-Nov-2025 19:20:13 UTC] [Soltour API info] Getting details for budget: H35##TI##0$5003247811255188104@@100, hotel: H35
[17-Nov-2025 19:20:13 UTC] [Soltour API info] Request to booking/details: {"productType":"PACKAGE","availToken":"rGfoAjU2pMjGzLTT1CEU0VqfVQEBh8EMPHohoHjdSZ8=","budgetId":"H35##TI##0$5003247811255188104@@100","hotelParams":{"hotelCode":"H35","providerCode":"UNDEFINED"}}
[17-Nov-2025 19:20:13 UTC] [Soltour API info] Getting details for budget: H50725##TI##0$5690094249714662451@@100, hotel: H50725
[17-Nov-2025 19:20:13 UTC] [Soltour API info] Request to booking/details: {"productType":"PACKAGE","availToken":"rGfoAjU2pMjGzLTT1CEU0VqfVQEBh8EMPHohoHjdSZ8=","budgetId":"H50725##TI##0$5690094249714662451@@100","hotelParams":{"hotelCode":"H50725","providerCode":"UNDEFINED"}}
[17-Nov-2025 19:20:13 UTC] Loaded file: blur_effects.php
[17-Nov-2025 19:20:13 UTC] Loaded file: rkit_post_duplicator.php
[17-Nov-2025 19:20:13 UTC] Loaded file: rkit_tool_tips.php
[17-Nov-2025 19:20:13 UTC] Loaded file: rkit_wrapper_link.php
[17-Nov-2025 19:20:13 UTC] Class not found: \RomethemeKit\Rkit_Custom_Cursor
[17-Nov-2025 19:20:13 UTC] Instantiated class: \RomethemeKit\RkitDuplicator
[17-Nov-2025 19:20:13 UTC] Instantiated class: \RomethemeKit\BlurEffects
[17-Nov-2025 19:20:13 UTC] Class not found: \RomethemeKit\Rkit_Sticky_Content
[17-Nov-2025 19:20:13 UTC] Instantiated class: \RomethemeKit\RkitToolTips
[17-Nov-2025 19:20:13 UTC] Instantiated class: \RomethemeKit\RkitWrapperLink
[17-Nov-2025 19:20:13 UTC] [Soltour API info] Response from booking/details: {"availToken":"rGfoAjU2pMjGzLTT1CEU0VqfVQEBh8EMPHohoHjdSZ8=","timestamp":"2025-11-17T20:20:13.406235368","serviceType":"UNDEFINED","agencyInformation":{"clientCode":"BEAUTYT","branchOfficeCode":"999","taxApplicationType":"ISC","taxRate":0,"paymentType":"PP","commission":{"currency":"EUR","rate":15}},"params":{"startDate":"2026-05-25","endDate":"2026-06-01","accomodation":{"rooms":[{"passengers":[{"age":30,"type":"ADULT"}]}]},"residentType":"NONE","numNights":0,"flightParams":{"itineraries":[{"or
[17-Nov-2025 19:20:13 UTC] [Soltour API info] Details response structure: {"has_budget":false,"has_details":true,"has_error":false,"error_msg":null}
[17-Nov-2025 19:20:13 UTC] [Soltour API info] Response from booking/details: {"availToken":"rGfoAjU2pMjGzLTT1CEU0VqfVQEBh8EMPHohoHjdSZ8=","timestamp":"2025-11-17T20:20:13.622952966","serviceType":"UNDEFINED","agencyInformation":{"clientCode":"BEAUTYT","branchOfficeCode":"999","taxApplicationType":"ISC","taxRate":0,"paymentType":"PP","commission":{"currency":"EUR","rate":15}},"params":{"startDate":"2026-05-25","endDate":"2026-06-01","accomodation":{"rooms":[{"passengers":[{"age":30,"type":"ADULT"}]}]},"residentType":"NONE","numNights":0,"flightParams":{"itineraries":[{"or
[17-Nov-2025 19:20:13 UTC] [Soltour API info] Details response structure: {"has_budget":false,"has_details":true,"has_error":false,"error_msg":null}
[17-Nov-2025 19:20:13 UTC] [Soltour API info] Response from booking/details: {"availToken":"rGfoAjU2pMjGzLTT1CEU0VqfVQEBh8EMPHohoHjdSZ8=","timestamp":"2025-11-17T20:20:13.692115583","serviceType":"UNDEFINED","agencyInformation":{"clientCode":"BEAUTYT","branchOfficeCode":"999","taxApplicationType":"ISC","taxRate":0,"paymentType":"PP","commission":{"currency":"EUR","rate":15}},"params":{"startDate":"2026-05-25","endDate":"2026-06-01","accomodation":{"rooms":[{"passengers":[{"age":30,"type":"ADULT"}]}]},"residentType":"NONE","numNights":0,"flightParams":{"itineraries":[{"or
[17-Nov-2025 19:20:13 UTC] [Soltour API info] Details response structure: {"has_budget":false,"has_details":true,"has_error":false,"error_msg":null}
[17-Nov-2025 19:20:13 UTC] [Soltour API info] Response from booking/details: {"availToken":"rGfoAjU2pMjGzLTT1CEU0VqfVQEBh8EMPHohoHjdSZ8=","timestamp":"2025-11-17T20:20:13.513230357","serviceType":"UNDEFINED","agencyInformation":{"clientCode":"BEAUTYT","branchOfficeCode":"999","taxApplicationType":"ISC","taxRate":0,"paymentType":"PP","commission":{"currency":"EUR","rate":15}},"params":{"startDate":"2026-05-25","endDate":"2026-06-01","accomodation":{"rooms":[{"passengers":[{"age":30,"type":"ADULT"}]}]},"residentType":"NONE","numNights":0,"flightParams":{"itineraries":[{"or
[17-Nov-2025 19:20:13 UTC] [Soltour API info] Details response structure: {"has_budget":false,"has_details":true,"has_error":false,"error_msg":null}
[17-Nov-2025 19:20:14 UTC] [Soltour API info] Getting details for budget: H13##TI##0$5487234918426988230@@100, hotel: H13
[17-Nov-2025 19:20:14 UTC] [Soltour API info] Request to booking/details: {"productType":"PACKAGE","availToken":"rGfoAjU2pMjGzLTT1CEU0VqfVQEBh8EMPHohoHjdSZ8=","budgetId":"H13##TI##0$5487234918426988230@@100","hotelParams":{"hotelCode":"H13","providerCode":"UNDEFINED"}}
[17-Nov-2025 19:20:14 UTC] Loaded file: blur_effects.php
[17-Nov-2025 19:20:14 UTC] Loaded file: rkit_post_duplicator.php
[17-Nov-2025 19:20:14 UTC] Loaded file: rkit_tool_tips.php
[17-Nov-2025 19:20:14 UTC] Loaded file: rkit_wrapper_link.php
[17-Nov-2025 19:20:14 UTC] Class not found: \RomethemeKit\Rkit_Custom_Cursor
[17-Nov-2025 19:20:14 UTC] Instantiated class: \RomethemeKit\RkitDuplicator
[17-Nov-2025 19:20:14 UTC] Instantiated class: \RomethemeKit\BlurEffects
[17-Nov-2025 19:20:14 UTC] Class not found: \RomethemeKit\Rkit_Sticky_Content
[17-Nov-2025 19:20:14 UTC] Instantiated class: \RomethemeKit\RkitToolTips
[17-Nov-2025 19:20:14 UTC] Instantiated class: \RomethemeKit\RkitWrapperLink
[17-Nov-2025 19:20:14 UTC] Loaded file: blur_effects.php
[17-Nov-2025 19:20:14 UTC] Loaded file: rkit_post_duplicator.php
[17-Nov-2025 19:20:14 UTC] Loaded file: rkit_tool_tips.php
[17-Nov-2025 19:20:14 UTC] Loaded file: rkit_wrapper_link.php
[17-Nov-2025 19:20:14 UTC] Class not found: \RomethemeKit\Rkit_Custom_Cursor
[17-Nov-2025 19:20:14 UTC] Instantiated class: \RomethemeKit\RkitDuplicator
[17-Nov-2025 19:20:14 UTC] Instantiated class: \RomethemeKit\BlurEffects
[17-Nov-2025 19:20:14 UTC] Class not found: \RomethemeKit\Rkit_Sticky_Content
[17-Nov-2025 19:20:14 UTC] Instantiated class: \RomethemeKit\RkitToolTips
[17-Nov-2025 19:20:14 UTC] Instantiated class: \RomethemeKit\RkitWrapperLink
[17-Nov-2025 19:20:14 UTC] Loaded file: blur_effects.php
[17-Nov-2025 19:20:14 UTC] Loaded file: rkit_post_duplicator.php
[17-Nov-2025 19:20:14 UTC] Loaded file: rkit_tool_tips.php
[17-Nov-2025 19:20:14 UTC] Loaded file: rkit_wrapper_link.php
[17-Nov-2025 19:20:14 UTC] Class not found: \RomethemeKit\Rkit_Custom_Cursor
[17-Nov-2025 19:20:14 UTC] Instantiated class: \RomethemeKit\RkitDuplicator
[17-Nov-2025 19:20:14 UTC] Instantiated class: \RomethemeKit\BlurEffects
[17-Nov-2025 19:20:14 UTC] Class not found: \RomethemeKit\Rkit_Sticky_Content
[17-Nov-2025 19:20:14 UTC] Instantiated class: \RomethemeKit\RkitToolTips
[17-Nov-2025 19:20:14 UTC] Instantiated class: \RomethemeKit\RkitWrapperLink
[17-Nov-2025 19:20:14 UTC] Loaded file: blur_effects.php
[17-Nov-2025 19:20:14 UTC] Loaded file: rkit_post_duplicator.php
[17-Nov-2025 19:20:14 UTC] Loaded file: rkit_tool_tips.php
[17-Nov-2025 19:20:14 UTC] Loaded file: rkit_wrapper_link.php
[17-Nov-2025 19:20:14 UTC] Class not found: \RomethemeKit\Rkit_Custom_Cursor
[17-Nov-2025 19:20:14 UTC] Instantiated class: \RomethemeKit\RkitDuplicator
[17-Nov-2025 19:20:14 UTC] Instantiated class: \RomethemeKit\BlurEffects
[17-Nov-2025 19:20:14 UTC] Class not found: \RomethemeKit\Rkit_Sticky_Content
[17-Nov-2025 19:20:14 UTC] Instantiated class: \RomethemeKit\RkitToolTips
[17-Nov-2025 19:20:14 UTC] Instantiated class: \RomethemeKit\RkitWrapperLink
[17-Nov-2025 19:20:14 UTC] [Soltour API info] Response from booking/details: {"availToken":"rGfoAjU2pMjGzLTT1CEU0VqfVQEBh8EMPHohoHjdSZ8=","timestamp":"2025-11-17T20:20:14.422067049","serviceType":"UNDEFINED","agencyInformation":{"clientCode":"BEAUTYT","branchOfficeCode":"999","taxApplicationType":"ISC","taxRate":0,"paymentType":"PP","commission":{"currency":"EUR","rate":15}},"params":{"startDate":"2026-05-25","endDate":"2026-06-01","accomodation":{"rooms":[{"passengers":[{"age":30,"type":"ADULT"}]}]},"residentType":"NONE","numNights":0,"flightParams":{"itineraries":[{"or
[17-Nov-2025 19:20:14 UTC] [Soltour API info] Details response structure: {"has_budget":false,"has_details":true,"has_error":false,"error_msg":null}
[17-Nov-2025 19:20:15 UTC] [Soltour API info] Getting details for budget: H80000##TI##0$4747950005186773831@@100, hotel: H80000
[17-Nov-2025 19:20:15 UTC] [Soltour API info] Request to booking/details: {"productType":"PACKAGE","availToken":"rGfoAjU2pMjGzLTT1CEU0VqfVQEBh8EMPHohoHjdSZ8=","budgetId":"H80000##TI##0$4747950005186773831@@100","hotelParams":{"hotelCode":"H80000","providerCode":"UNDEFINED"}}
[17-Nov-2025 19:20:15 UTC] [Soltour API info] Getting details for budget: H79963##TI##0$5512090582449969029@@100, hotel: H79963
[17-Nov-2025 19:20:15 UTC] [Soltour API info] Request to booking/details: {"productType":"PACKAGE","availToken":"rGfoAjU2pMjGzLTT1CEU0VqfVQEBh8EMPHohoHjdSZ8=","budgetId":"H79963##TI##0$5512090582449969029@@100","hotelParams":{"hotelCode":"H79963","providerCode":"UNDEFINED"}}
[17-Nov-2025 19:20:15 UTC] [Soltour API info] Getting details for budget: H199535##TI##0$5541331837654964954@@100, hotel: H199535
[17-Nov-2025 19:20:15 UTC] [Soltour API info] Request to booking/details: {"productType":"PACKAGE","availToken":"rGfoAjU2pMjGzLTT1CEU0VqfVQEBh8EMPHohoHjdSZ8=","budgetId":"H199535##TI##0$5541331837654964954@@100","hotelParams":{"hotelCode":"H199535","providerCode":"UNDEFINED"}}
[17-Nov-2025 19:20:15 UTC] [Soltour API info] Getting details for budget: H6##TI##0$5014764101321682897@@100, hotel: H6
[17-Nov-2025 19:20:15 UTC] [Soltour API info] Request to booking/details: {"productType":"PACKAGE","availToken":"rGfoAjU2pMjGzLTT1CEU0VqfVQEBh8EMPHohoHjdSZ8=","budgetId":"H6##TI##0$5014764101321682897@@100","hotelParams":{"hotelCode":"H6","providerCode":"UNDEFINED"}}
[17-Nov-2025 19:20:15 UTC] [Soltour API info] Response from booking/details: {"availToken":"rGfoAjU2pMjGzLTT1CEU0VqfVQEBh8EMPHohoHjdSZ8=","timestamp":"2025-11-17T20:20:15.286473599","serviceType":"UNDEFINED","agencyInformation":{"clientCode":"BEAUTYT","branchOfficeCode":"999","taxApplicationType":"ISC","taxRate":0,"paymentType":"PP","commission":{"currency":"EUR","rate":15}},"params":{"startDate":"2026-05-25","endDate":"2026-06-01","accomodation":{"rooms":[{"passengers":[{"age":30,"type":"ADULT"}]}]},"residentType":"NONE","numNights":0,"flightParams":{"itineraries":[{"or
[17-Nov-2025 19:20:15 UTC] [Soltour API info] Details response structure: {"has_budget":false,"has_details":true,"has_error":false,"error_msg":null}
[17-Nov-2025 19:20:15 UTC] [Soltour API info] Response from booking/details: {"availToken":"rGfoAjU2pMjGzLTT1CEU0VqfVQEBh8EMPHohoHjdSZ8=","timestamp":"2025-11-17T20:20:15.415772949","serviceType":"UNDEFINED","agencyInformation":{"clientCode":"BEAUTYT","branchOfficeCode":"999","taxApplicationType":"ISC","taxRate":0,"paymentType":"PP","commission":{"currency":"EUR","rate":15}},"params":{"startDate":"2026-05-25","endDate":"2026-06-01","accomodation":{"rooms":[{"passengers":[{"age":30,"type":"ADULT"}]}]},"residentType":"NONE","numNights":0,"flightParams":{"itineraries":[{"or
[17-Nov-2025 19:20:15 UTC] [Soltour API info] Details response structure: {"has_budget":false,"has_details":true,"has_error":false,"error_msg":null}
[17-Nov-2025 19:20:15 UTC] [Soltour API info] Response from booking/details: {"availToken":"rGfoAjU2pMjGzLTT1CEU0VqfVQEBh8EMPHohoHjdSZ8=","timestamp":"2025-11-17T20:20:15.466363952","serviceType":"UNDEFINED","agencyInformation":{"clientCode":"BEAUTYT","branchOfficeCode":"999","taxApplicationType":"ISC","taxRate":0,"paymentType":"PP","commission":{"currency":"EUR","rate":15}},"params":{"startDate":"2026-05-25","endDate":"2026-06-01","accomodation":{"rooms":[{"passengers":[{"age":30,"type":"ADULT"}]}]},"residentType":"NONE","numNights":0,"flightParams":{"itineraries":[{"or
[17-Nov-2025 19:20:15 UTC] [Soltour API info] Details response structure: {"has_budget":false,"has_details":true,"has_error":false,"error_msg":null}
[17-Nov-2025 19:20:15 UTC] Loaded file: blur_effects.php
[17-Nov-2025 19:20:15 UTC] Loaded file: rkit_post_duplicator.php
[17-Nov-2025 19:20:15 UTC] Loaded file: rkit_tool_tips.php
[17-Nov-2025 19:20:15 UTC] Loaded file: rkit_wrapper_link.php
[17-Nov-2025 19:20:15 UTC] Class not found: \RomethemeKit\Rkit_Custom_Cursor
[17-Nov-2025 19:20:15 UTC] Instantiated class: \RomethemeKit\RkitDuplicator
[17-Nov-2025 19:20:15 UTC] Instantiated class: \RomethemeKit\BlurEffects
[17-Nov-2025 19:20:15 UTC] Class not found: \RomethemeKit\Rkit_Sticky_Content
[17-Nov-2025 19:20:15 UTC] Instantiated class: \RomethemeKit\RkitToolTips
[17-Nov-2025 19:20:15 UTC] Instantiated class: \RomethemeKit\RkitWrapperLink
[17-Nov-2025 19:20:15 UTC] [Soltour API info] Response from booking/details: {"availToken":"rGfoAjU2pMjGzLTT1CEU0VqfVQEBh8EMPHohoHjdSZ8=","timestamp":"2025-11-17T20:20:15.404600946","serviceType":"UNDEFINED","agencyInformation":{"clientCode":"BEAUTYT","branchOfficeCode":"999","taxApplicationType":"ISC","taxRate":0,"paymentType":"PP","commission":{"currency":"EUR","rate":15}},"params":{"startDate":"2026-05-25","endDate":"2026-06-01","accomodation":{"rooms":[{"passengers":[{"age":30,"type":"ADULT"}]}]},"residentType":"NONE","numNights":0,"flightParams":{"itineraries":[{"or
[17-Nov-2025 19:20:15 UTC] [Soltour API info] Details response structure: {"has_budget":false,"has_details":true,"has_error":false,"error_msg":null}
[17-Nov-2025 19:20:15 UTC] [Soltour API info] Getting details for budget: H199374##TI##0$5202385444250037677@@100, hotel: H199374
[17-Nov-2025 19:20:15 UTC] [Soltour API info] Request to booking/details: {"productType":"PACKAGE","availToken":"rGfoAjU2pMjGzLTT1CEU0VqfVQEBh8EMPHohoHjdSZ8=","budgetId":"H199374##TI##0$5202385444250037677@@100","hotelParams":{"hotelCode":"H199374","providerCode":"UNDEFINED"}}
[17-Nov-2025 19:20:16 UTC] [Soltour API info] Response from booking/details: {"availToken":"rGfoAjU2pMjGzLTT1CEU0VqfVQEBh8EMPHohoHjdSZ8=","timestamp":"2025-11-17T20:20:16.323555866","serviceType":"UNDEFINED","agencyInformation":{"clientCode":"BEAUTYT","branchOfficeCode":"999","taxApplicationType":"ISC","taxRate":0,"paymentType":"PP","commission":{"currency":"EUR","rate":15}},"params":{"startDate":"2026-05-25","endDate":"2026-06-01","accomodation":{"rooms":[{"passengers":[{"age":30,"type":"ADULT"}]}]},"residentType":"NONE","numNights":0,"flightParams":{"itineraries":[{"or
[17-Nov-2025 19:20:16 UTC] [Soltour API info] Details response structure: {"has_budget":false,"has_details":true,"has_error":false,"error_msg":null}
[17-Nov-2025 19:20:20 UTC] Loaded file: blur_effects.php
[17-Nov-2025 19:20:20 UTC] Loaded file: rkit_post_duplicator.php
[17-Nov-2025 19:20:20 UTC] Loaded file: rkit_tool_tips.php
[17-Nov-2025 19:20:20 UTC] Loaded file: rkit_wrapper_link.php
[17-Nov-2025 19:20:20 UTC] Class not found: \RomethemeKit\Rkit_Custom_Cursor
[17-Nov-2025 19:20:20 UTC] Instantiated class: \RomethemeKit\RkitDuplicator
[17-Nov-2025 19:20:20 UTC] Instantiated class: \RomethemeKit\BlurEffects
[17-Nov-2025 19:20:20 UTC] Class not found: \RomethemeKit\Rkit_Sticky_Content
[17-Nov-2025 19:20:20 UTC] Instantiated class: \RomethemeKit\RkitToolTips
[17-Nov-2025 19:20:20 UTC] Instantiated class: \RomethemeKit\RkitWrapperLink
[17-Nov-2025 19:20:21 UTC] [Soltour API info] === CHECK ALLOWED SELLING ===
[17-Nov-2025 19:20:21 UTC] [Soltour API info] Request to booking/availability/checkAllowedSelling: []
[17-Nov-2025 19:20:21 UTC] [Soltour API info] Response from booking/availability/checkAllowedSelling: {"ok":false,"error":{"notLogged":false,"errorMessage":"Method 'checkAllowedSelling' not found."}}
[17-Nov-2025 19:20:21 UTC] [Soltour API info] CheckAllowedSelling response: {"ok":false,"error":{"notLogged":false,"errorMessage":"Method 'checkAllowedSelling' not found."}}
[17-Nov-2025 19:20:21 UTC] Loaded file: blur_effects.php
[17-Nov-2025 19:20:21 UTC] Loaded file: rkit_post_duplicator.php
[17-Nov-2025 19:20:21 UTC] Loaded file: rkit_tool_tips.php
[17-Nov-2025 19:20:21 UTC] Loaded file: rkit_wrapper_link.php
[17-Nov-2025 19:20:21 UTC] Class not found: \RomethemeKit\Rkit_Custom_Cursor
[17-Nov-2025 19:20:21 UTC] Instantiated class: \RomethemeKit\RkitDuplicator
[17-Nov-2025 19:20:21 UTC] Instantiated class: \RomethemeKit\BlurEffects
[17-Nov-2025 19:20:21 UTC] Class not found: \RomethemeKit\Rkit_Sticky_Content
[17-Nov-2025 19:20:21 UTC] Instantiated class: \RomethemeKit\RkitToolTips
[17-Nov-2025 19:20:21 UTC] Instantiated class: \RomethemeKit\RkitWrapperLink
[17-Nov-2025 19:20:22 UTC] [Soltour API info] ╔═══════════════════════════════════════════════════════════════════╗
[17-Nov-2025 19:20:22 UTC] [Soltour API info] ║      🎯 SOLTOUR - PREPARE QUOTE - VALIDAÇÃO INTERMEDIÁRIA        ║
[17-Nov-2025 19:20:22 UTC] [Soltour API info] ╚═══════════════════════════════════════════════════════════════════╝
[17-Nov-2025 19:20:22 UTC] [Soltour API info] 📥 DADOS RECEBIDOS DO FRONTEND:
[17-Nov-2025 19:20:22 UTC] [Soltour API info]   ├─ availToken: rGfoAjU2pMjGzLTT1CEU...
[17-Nov-2025 19:20:22 UTC] [Soltour API info]   ├─ budgetId (RAW): H215636##TI##0$5425903494172240106@@100
[17-Nov-2025 19:20:22 UTC] [Soltour API info]   ├─ budgetId (strlen): 39
[17-Nov-2025 19:20:22 UTC] [Soltour API info]   ├─ hotelCode: H215636
[17-Nov-2025 19:20:22 UTC] [Soltour API info]   └─ providerCode: UNDEFINED
[17-Nov-2025 19:20:22 UTC] [Soltour API info] 
[17-Nov-2025 19:20:22 UTC] [Soltour API info] 🎫 Gerando cotação oficial com /booking/quote...
[17-Nov-2025 19:20:22 UTC] [Soltour API info]   └─ Endpoint: POST /booking/quote
[17-Nov-2025 19:20:22 UTC] [Soltour API info]   └─ budgetIds: [H215636##TI##0$5425903494172240106@@100]
[17-Nov-2025 19:20:22 UTC] [Soltour API info] Request to booking/quote: {"productType":"PACKAGE","availToken":"rGfoAjU2pMjGzLTT1CEU0VqfVQEBh8EMPHohoHjdSZ8=","budgetIds":["H215636##TI##0$5425903494172240106@@100"]}
[17-Nov-2025 19:20:23 UTC] [Soltour API info] Response from booking/quote: {"productType":"PACKAGE","availToken":"rGfoAjU2pMjGzLTT1CEU0VqfVQEBh8EMPHohoHjdSZ8=","timestamp":"2025-11-17T20:20:22.194153662","serviceType":"UNDEFINED","agencyInformation":{"clientCode":"BEAUTYT","branchOfficeCode":"999","taxApplicationType":"ISC","taxRate":0,"paymentType":"PP","commission":{"currency":"EUR","rate":15},"overCommission":{"currency":"EUR","fixedAmount":0,"rate":2,"ruleCode":"Over 2%"}},"budget":{"booked":false,"selected":false,"hotelServices":[{"responseId":"WVFtyIw3MEzd3Ipu9D9
[17-Nov-2025 19:20:23 UTC] [Soltour API info] 📋 RESPOSTA quote:
[17-Nov-2025 19:20:23 UTC] [Soltour API info]   ├─ budget: SIM ✅
[17-Nov-2025 19:20:23 UTC] [Soltour API info]   ├─ quoteToken: NÃO ❌
[17-Nov-2025 19:20:23 UTC] [Soltour API info]   ├─ insurances: 1
[17-Nov-2025 19:20:23 UTC] [Soltour API info]   ├─ extras: 0
[17-Nov-2025 19:20:23 UTC] [Soltour API info]   ├─ importantInformation: 9
[17-Nov-2025 19:20:23 UTC] [Soltour API info]   ├─ cancellationChargeServices: 0
[17-Nov-2025 19:20:23 UTC] [Soltour API info] 
[17-Nov-2025 19:20:23 UTC] [Soltour API info] ✅ SUCESSO! Cotação gerada com sucesso
[17-Nov-2025 19:20:23 UTC] [Soltour API info] 📤 RETORNANDO DADOS PARA FRONTEND:
[17-Nov-2025 19:20:23 UTC] [Soltour API info]   ├─ quote: COMPLETO
[17-Nov-2025 19:20:23 UTC] [Soltour API info]   ├─ quoteToken: GERADO
[17-Nov-2025 19:20:23 UTC] [Soltour API info]   └─ budget: VÁLIDO
[17-Nov-2025 19:20:23 UTC] [Soltour API info] ╚═══════════════════════════════════════════════════════════════════╝
[17-Nov-2025 19:20:23 UTC] Loaded file: blur_effects.php
[17-Nov-2025 19:20:23 UTC] Loaded file: rkit_post_duplicator.php
[17-Nov-2025 19:20:23 UTC] Loaded file: rkit_tool_tips.php
[17-Nov-2025 19:20:23 UTC] Loaded file: rkit_wrapper_link.php
[17-Nov-2025 19:20:23 UTC] Class not found: \RomethemeKit\Rkit_Custom_Cursor
[17-Nov-2025 19:20:23 UTC] Instantiated class: \RomethemeKit\RkitDuplicator
[17-Nov-2025 19:20:23 UTC] Instantiated class: \RomethemeKit\BlurEffects
[17-Nov-2025 19:20:23 UTC] Class not found: \RomethemeKit\Rkit_Sticky_Content
[17-Nov-2025 19:20:23 UTC] Instantiated class: \RomethemeKit\RkitToolTips
[17-Nov-2025 19:20:23 UTC] Instantiated class: \RomethemeKit\RkitWrapperLink
[17-Nov-2025 19:20:25 UTC] Loaded file: blur_effects.php
[17-Nov-2025 19:20:25 UTC] Loaded file: rkit_post_duplicator.php
[17-Nov-2025 19:20:25 UTC] Loaded file: rkit_tool_tips.php
[17-Nov-2025 19:20:25 UTC] Loaded file: rkit_wrapper_link.php
[17-Nov-2025 19:20:25 UTC] Class not found: \RomethemeKit\Rkit_Custom_Cursor
[17-Nov-2025 19:20:25 UTC] Instantiated class: \RomethemeKit\RkitDuplicator
[17-Nov-2025 19:20:25 UTC] Instantiated class: \RomethemeKit\BlurEffects
[17-Nov-2025 19:20:25 UTC] Class not found: \RomethemeKit\Rkit_Sticky_Content
[17-Nov-2025 19:20:25 UTC] Instantiated class: \RomethemeKit\RkitToolTips
[17-Nov-2025 19:20:25 UTC] Instantiated class: \RomethemeKit\RkitWrapperLink
[17-Nov-2025 19:20:39 UTC] Loaded file: blur_effects.php
[17-Nov-2025 19:20:39 UTC] Loaded file: rkit_post_duplicator.php
[17-Nov-2025 19:20:39 UTC] Loaded file: rkit_tool_tips.php
[17-Nov-2025 19:20:39 UTC] Loaded file: rkit_wrapper_link.php
[17-Nov-2025 19:20:39 UTC] Class not found: \RomethemeKit\Rkit_Custom_Cursor
[17-Nov-2025 19:20:39 UTC] Instantiated class: \RomethemeKit\RkitDuplicator
[17-Nov-2025 19:20:39 UTC] Instantiated class: \RomethemeKit\BlurEffects
[17-Nov-2025 19:20:39 UTC] Class not found: \RomethemeKit\Rkit_Sticky_Content
[17-Nov-2025 19:20:39 UTC] Instantiated class: \RomethemeKit\RkitToolTips
[17-Nov-2025 19:20:39 UTC] Instantiated class: \RomethemeKit\RkitWrapperLink
[17-Nov-2025 19:20:40 UTC] [Soltour API info] === GENERATE FINAL QUOTE ===
[17-Nov-2025 19:20:40 UTC] [Soltour API info] Dados recebidos (tipos):
[17-Nov-2025 19:20:40 UTC] [Soltour API info]   - budget_data: array - array com 13 items
[17-Nov-2025 19:20:40 UTC] [Soltour API info]   - passengers: array - array com 1 items
[17-Nov-2025 19:20:40 UTC] [Soltour API info]   - client_data: array - array com 5 items
[17-Nov-2025 19:20:40 UTC] [Soltour API info]   - trip_data: array - array com 9 items
[17-Nov-2025 19:20:40 UTC] [Soltour API info] Dados recebidos:
[17-Nov-2025 19:20:40 UTC] [Soltour API info]   - Passageiros: 1
[17-Nov-2025 19:20:40 UTC] [Soltour API info]   - Cliente: Andre
[17-Nov-2025 19:20:40 UTC] [Soltour API info]   - Hotel: Princess Family Club Bávaro
[17-Nov-2025 19:20:40 UTC] [Soltour API info] Cotação gerada: BT-691b75880a74f6.28308706
[17-Nov-2025 19:20:40 UTC] [Soltour API info] Enviando email para agência...
[17-Nov-2025 19:20:40 UTC] [Soltour API info] === DEBUG EMAIL AGÊNCIA - ESTRUTURA DE VOOS ===
[17-Nov-2025 19:20:40 UTC] [Soltour API info] Budget keys: budgetId, hotelCode, providerCode, availToken, budget, hotelInfo, flightData, selectedRooms, selectedRoom, numRoomsSearched, searchParams, quoteToken, quoteData
[17-Nov-2025 19:20:40 UTC] [Soltour API info] Encontrado flightServices em budget.budget
[17-Nov-2025 19:20:40 UTC] [Soltour API info] Flight services count: 1
[17-Nov-2025 19:20:40 UTC] [Soltour API info] First flight service structure: [{"responseId":"1756741657","id":"7d9fa802-fd6c-4c2a-a53e-ce2de9a2a929","type":"FLIGHT","priceApplicationType":"BY_BOOKING","startDate":"2026-05-25","endDate":"2026-06-02","status":"OK","providerCode":"UNDEFINED","cancellationChargeServices":[{"startDate":"2026-05-15","endDate":"2026-05-25","priceInfo":{"pvp":"877.67","netAmount":"877.67","taxAmount":"0","agencyCommissionAmount":"0","applyAgencyCommission":"false","offerDiscountAmount":"0","offerDiscountRate":"0","taxRate":"0","applyTax":"false","currency":"EUR","bindingPrice":"false","quantity":"0"},"serviceType":"FLIGHT"}],"flightId":"100","immediatePay":"false"}]
[17-Nov-2025 19:20:40 UTC] [Soltour API info] Voo encontrado com tipo: FLIGHT
[17-Nov-2025 19:20:40 UTC] [Soltour API info] Outbound flight: NÃO ENCONTRADO
[17-Nov-2025 19:20:40 UTC] [Soltour API info] Inbound flight: NÃO ENCONTRADO
[17-Nov-2025 19:20:40 UTC] [Soltour API info] === FIM DEBUG ===
[17-Nov-2025 19:20:40 UTC] Loaded file: blur_effects.php
[17-Nov-2025 19:20:40 UTC] Loaded file: rkit_post_duplicator.php
[17-Nov-2025 19:20:40 UTC] Loaded file: rkit_tool_tips.php
[17-Nov-2025 19:20:40 UTC] Loaded file: rkit_wrapper_link.php
[17-Nov-2025 19:20:40 UTC] Class not found: \RomethemeKit\Rkit_Custom_Cursor
[17-Nov-2025 19:20:40 UTC] Instantiated class: \RomethemeKit\RkitDuplicator
[17-Nov-2025 19:20:40 UTC] Instantiated class: \RomethemeKit\BlurEffects
[17-Nov-2025 19:20:40 UTC] Class not found: \RomethemeKit\Rkit_Sticky_Content
[17-Nov-2025 19:20:40 UTC] Instantiated class: \RomethemeKit\RkitToolTips
[17-Nov-2025 19:20:40 UTC] Instantiated class: \RomethemeKit\RkitWrapperLink
[17-Nov-2025 19:20:40 UTC] [Soltour API info] Email enviado para agência com sucesso
[17-Nov-2025 19:20:40 UTC] [Soltour API info] Enviando email para cliente...
[17-Nov-2025 19:20:40 UTC] [Soltour API info] Email enviado para cliente com sucesso
[17-Nov-2025 19:20:40 UTC] [Soltour API info] Cotação salva no banco de dados com ID: 18
[17-Nov-2025 19:20:40 UTC] [Soltour API info] Cotação finalizada com sucesso: BT-691b75880a74f6.28308706
